<?xml version="1.0" encoding="UTF-8"?>
<!-- Generated by org.testng.reporters.JUnitReportReporter -->
<testsuite hostname="sbhat5.local" failures="0" tests="1" name="ui_tests.AconexTest" time="21.759" errors="0" timestamp="16 Dec 2018 22:43:17 GMT" skipped="0">
  <testcase classname="ui_tests.AconexTest" name="scenario3" time="21.759"/>
</testsuite> <!-- ui_tests.AconexTest -->
